effb0-paper0.1.log
Epoch: [1 - 100.00%] -*- Top1 Best: 87.050
Epoch: [1 - 80.00%][ -*- Top1 Best: 87.060
Epoch: [1 - 64.00%][ -*- Top1 Best: 86.540
Epoch: [1 - 51.20%][ -*- Top1 Best: 86.220
Epoch: [1 - 40.96%][ -*- Top1 Best: 86.280
Epoch: [1 - 32.77%][ -*- Top1 Best: 10.000
Epoch: [1 - 26.21%][ -*- Top1 Best: 10.000
Epoch: [1 - 20.97%][ -*- Top1 Best: 10.000
Epoch: [1 - 16.78%][ -*- Top1 Best: 10.000
Epoch: [1 - 13.42%][ -*- Top1 Best: 10.000
Epoch: [1 - 10.74%][ -*- Top1 Best: 10.000
Epoch: [1 - 8.59%][  -*- Top1 Best: 10.000
Epoch: [1 - 6.87%][  -*- Top1 Best: 10.000
Epoch: [1 - 5.50%][  -*- Top1 Best: 10.000
Epoch: [1 - 4.40%][  -*- Top1 Best: 10.000
Epoch: [1 - 3.52%][  -*- Top1 Best: 10.000
Epoch: [1 - 2.81%][  -*- Top1 Best: 10.000
Epoch: [1 - 2.25%][  -*- Top1 Best: 10.000
Epoch: [1 - 1.80%][  -*- Top1 Best: 10.000
Epoch: [1 - 1.44%][  -*- Top1 Best: 10.000
--------------------
effb0-simp0.1.log
Epoch: [1 - 100.00%] -*- Top1 Best: 88.230
Epoch: [1 - 80.00%][ -*- Top1 Best: 83.610
Epoch: [1 - 64.00%][ -*- Top1 Best: 86.940
Epoch: [1 - 51.20%][ -*- Top1 Best: 85.070
Epoch: [1 - 40.96%][ -*- Top1 Best: 86.650
Epoch: [1 - 32.77%][ -*- Top1 Best: 10.000
Epoch: [1 - 26.21%][ -*- Top1 Best: 10.000
Epoch: [1 - 20.97%][ -*- Top1 Best: 10.000
Epoch: [1 - 16.78%][ -*- Top1 Best: 10.000
Epoch: [1 - 13.42%][ -*- Top1 Best: 10.000
Epoch: [1 - 10.74%][ -*- Top1 Best: 10.000
Epoch: [1 - 8.59%][  -*- Top1 Best: 10.000
Epoch: [1 - 6.87%][  -*- Top1 Best: 10.000
Epoch: [1 - 5.50%][  -*- Top1 Best: 10.000
Epoch: [1 - 4.40%][  -*- Top1 Best: 10.000
Epoch: [1 - 3.52%][  -*- Top1 Best: 10.000
Epoch: [1 - 2.81%][  -*- Top1 Best: 10.000
Epoch: [1 - 2.25%][  -*- Top1 Best: 10.000
Epoch: [1 - 1.80%][  -*- Top1 Best: 10.000
Epoch: [1 - 1.44%][  -*- Top1 Best: 10.000
--------------------
resnet18-paper0.03.log
Epoch: [1 - 100.00%] -*- Top1 Best: 85.570
Epoch: [1 - 80.00%][ -*- Top1 Best: 84.840
Epoch: [1 - 64.00%][ -*- Top1 Best: 84.660
Epoch: [1 - 51.20%][ -*- Top1 Best: 84.340
Epoch: [1 - 40.96%][ -*- Top1 Best: 84.450
Epoch: [1 - 32.77%][ -*- Top1 Best: 84.100
Epoch: [1 - 26.21%][ -*- Top1 Best: 83.780
Epoch: [1 - 20.97%][ -*- Top1 Best: 83.160
Epoch: [1 - 16.78%][ -*- Top1 Best: 83.280
Epoch: [1 - 13.42%][ -*- Top1 Best: 82.900
Epoch: [1 - 10.74%][ -*- Top1 Best: 82.830
Epoch: [1 - 8.59%][  -*- Top1 Best: 81.870
Epoch: [1 - 6.87%][  -*- Top1 Best: 81.600
Epoch: [1 - 5.50%][  -*- Top1 Best: 81.350
Epoch: [1 - 4.40%][  -*- Top1 Best: 80.410
Epoch: [1 - 3.52%][  -*- Top1 Best: 79.260
Epoch: [1 - 2.81%][  -*- Top1 Best: 76.590
Epoch: [1 - 2.25%][  -*- Top1 Best: 75.320
Epoch: [1 - 1.80%][  -*- Top1 Best: 73.340
Epoch: [1 - 1.44%][  -*- Top1 Best: 70.810
--------------------
resnet18-paper0.1.log
Epoch: [1 - 100.00%] -*- Top1 Best: 86.660
Epoch: [1 - 80.00%][ -*- Top1 Best: 86.070
Epoch: [1 - 64.00%][ -*- Top1 Best: 85.730
Epoch: [1 - 51.20%][ -*- Top1 Best: 85.960
Epoch: [1 - 40.96%][ -*- Top1 Best: 85.270
Epoch: [1 - 32.77%][ -*- Top1 Best: 85.310
Epoch: [1 - 26.21%][ -*- Top1 Best: 85.340
Epoch: [1 - 20.97%][ -*- Top1 Best: 84.850
Epoch: [1 - 16.78%][ -*- Top1 Best: 84.740
Epoch: [1 - 13.42%][ -*- Top1 Best: 84.170
Epoch: [1 - 10.74%][ -*- Top1 Best: 83.340
Epoch: [1 - 8.59%][  -*- Top1 Best: 83.180
Epoch: [1 - 6.87%][  -*- Top1 Best: 82.650
Epoch: [1 - 5.50%][  -*- Top1 Best: 82.290
Epoch: [1 - 4.40%][  -*- Top1 Best: 81.260
Epoch: [1 - 3.52%][  -*- Top1 Best: 80.170
Epoch: [1 - 2.81%][  -*- Top1 Best: 78.970
Epoch: [1 - 2.25%][  -*- Top1 Best: 76.610
Epoch: [1 - 1.80%][  -*- Top1 Best: 75.710
Epoch: [1 - 1.44%][  -*- Top1 Best: 74.100
--------------------
resnet18-simp0.03.log
Epoch: [1 - 100.00%] -*- Top1 Best: 85.470
Epoch: [1 - 80.00%][ -*- Top1 Best: 85.070
Epoch: [1 - 64.00%][ -*- Top1 Best: 84.900
Epoch: [1 - 51.20%][ -*- Top1 Best: 85.170
Epoch: [1 - 40.96%][ -*- Top1 Best: 84.310
Epoch: [1 - 32.77%][ -*- Top1 Best: 84.470
Epoch: [1 - 26.21%][ -*- Top1 Best: 83.990
Epoch: [1 - 20.97%][ -*- Top1 Best: 83.720
Epoch: [1 - 16.78%][ -*- Top1 Best: 83.270
Epoch: [1 - 13.42%][ -*- Top1 Best: 82.790
Epoch: [1 - 10.74%][ -*- Top1 Best: 82.880
Epoch: [1 - 8.59%][  -*- Top1 Best: 82.250
Epoch: [1 - 6.87%][  -*- Top1 Best: 81.290
Epoch: [1 - 5.50%][  -*- Top1 Best: 81.490
Epoch: [1 - 4.40%][  -*- Top1 Best: 80.600
Epoch: [1 - 3.52%][  -*- Top1 Best: 79.440
Epoch: [1 - 2.81%][  -*- Top1 Best: 78.120
Epoch: [1 - 2.25%][  -*- Top1 Best: 76.030
Epoch: [1 - 1.80%][  -*- Top1 Best: 74.460
Epoch: [1 - 1.44%][  -*- Top1 Best: 72.850
--------------------
resnet18-simp0.1.log
Epoch: [1 - 100.00%] -*- Top1 Best: 85.870
Epoch: [1 - 80.00%][ -*- Top1 Best: 85.840
Epoch: [1 - 64.00%][ -*- Top1 Best: 86.040
Epoch: [1 - 51.20%][ -*- Top1 Best: 85.740
Epoch: [1 - 40.96%][ -*- Top1 Best: 85.560
Epoch: [1 - 32.77%][ -*- Top1 Best: 85.230
Epoch: [1 - 26.21%][ -*- Top1 Best: 85.180
Epoch: [1 - 20.97%][ -*- Top1 Best: 84.870
Epoch: [1 - 16.78%][ -*- Top1 Best: 84.400
Epoch: [1 - 13.42%][ -*- Top1 Best: 83.780
Epoch: [1 - 10.74%][ -*- Top1 Best: 83.940
Epoch: [1 - 8.59%][  -*- Top1 Best: 83.240
Epoch: [1 - 6.87%][  -*- Top1 Best: 83.360
Epoch: [1 - 5.50%][  -*- Top1 Best: 82.740
Epoch: [1 - 4.40%][  -*- Top1 Best: 82.340
Epoch: [1 - 3.52%][  -*- Top1 Best: 81.410
Epoch: [1 - 2.81%][  -*- Top1 Best: 80.140
Epoch: [1 - 2.25%][  -*- Top1 Best: 78.700
Epoch: [1 - 1.80%][  -*- Top1 Best: 76.750
Epoch: [1 - 1.44%][  -*- Top1 Best: 71.450
--------------------
resnet18-simpcos0.03.log
Epoch: [1 - 100.00%] -*- Top1 Best: 85.630
Epoch: [1 - 80.00%][ -*- Top1 Best: 85.520
Epoch: [1 - 64.00%][ -*- Top1 Best: 85.140
Epoch: [1 - 51.20%][ -*- Top1 Best: 84.730
Epoch: [1 - 40.96%][ -*- Top1 Best: 84.760
Epoch: [1 - 32.77%][ -*- Top1 Best: 84.800
Epoch: [1 - 26.21%][ -*- Top1 Best: 84.250
Epoch: [1 - 20.97%][ -*- Top1 Best: 83.430
Epoch: [1 - 16.78%][ -*- Top1 Best: 83.220
Epoch: [1 - 13.42%][ -*- Top1 Best: 82.530
Epoch: [1 - 10.74%][ -*- Top1 Best: 83.070
Epoch: [1 - 8.59%][  -*- Top1 Best: 82.530
Epoch: [1 - 6.87%][  -*- Top1 Best: 82.470
Epoch: [1 - 5.50%][  -*- Top1 Best: 81.760
Epoch: [1 - 4.40%][  -*- Top1 Best: 80.930
Epoch: [1 - 3.52%][  -*- Top1 Best: 80.500
Epoch: [1 - 2.81%][  -*- Top1 Best: 79.570
Epoch: [1 - 2.25%][  -*- Top1 Best: 77.630
Epoch: [1 - 1.80%][  -*- Top1 Best: 75.260
Epoch: [1 - 1.44%][  -*- Top1 Best: 72.610
--------------------
resnet50-cycle.log
Epoch: [1 - 100.00%] -*- Top1 Best: 81.600
Epoch: [1 - 80.00%][ -*- Top1 Best: 83.130
Epoch: [1 - 64.00%][ -*- Top1 Best: 82.670
Epoch: [1 - 51.20%][ -*- Top1 Best: 83.010
Epoch: [1 - 40.96%][ -*- Top1 Best: 82.530
Epoch: [1 - 32.77%][ -*- Top1 Best: 81.630
Epoch: [1 - 26.21%][ -*- Top1 Best: 79.190
Epoch: [1 - 20.97%][ -*- Top1 Best: 82.120
Epoch: [1 - 16.78%][ -*- Top1 Best: 82.240
Epoch: [1 - 13.42%][ -*- Top1 Best: 81.100
Epoch: [1 - 10.74%][ -*- Top1 Best: 81.120
Epoch: [1 - 8.59%][  -*- Top1 Best: 81.550
Epoch: [1 - 6.87%][  -*- Top1 Best: 81.250
Epoch: [1 - 5.50%][  -*- Top1 Best: 81.500
Epoch: [1 - 4.40%][  -*- Top1 Best: 81.730
Epoch: [1 - 3.52%][  -*- Top1 Best: 81.090
Epoch: [1 - 2.81%][  -*- Top1 Best: 80.300
Epoch: [1 - 2.25%][  -*- Top1 Best: 80.890
Epoch: [1 - 1.80%][  -*- Top1 Best: 80.380
Epoch: [1 - 1.44%][  -*- Top1 Best: 79.870
--------------------
resnet50-paper0.1.log
Epoch: [1 - 100.00%] -*- Top1 Best: 80.010
Epoch: [1 - 80.00%][ -*- Top1 Best: 80.190
Epoch: [1 - 64.00%][ -*- Top1 Best: 80.570
Epoch: [1 - 51.20%][ -*- Top1 Best: 77.730
Epoch: [1 - 40.96%][ -*- Top1 Best: 79.680
Epoch: [1 - 32.77%][ -*- Top1 Best: 78.140
Epoch: [1 - 26.21%][ -*- Top1 Best: 80.800
Epoch: [1 - 20.97%][ -*- Top1 Best: 78.160
Epoch: [1 - 16.78%][ -*- Top1 Best: 80.480
Epoch: [1 - 13.42%][ -*- Top1 Best: 75.450
Epoch: [1 - 10.74%][ -*- Top1 Best: 75.850
Epoch: [1 - 8.59%][  -*- Top1 Best: 71.870
Epoch: [1 - 6.87%][  -*- Top1 Best: 71.840
Epoch: [1 - 5.50%][  -*- Top1 Best: 63.690
Epoch: [1 - 4.40%][  -*- Top1 Best: 61.580
Epoch: [1 - 3.52%][  -*- Top1 Best: 10.000
Epoch: [1 - 2.81%][  -*- Top1 Best: 10.000
Epoch: [1 - 2.25%][  -*- Top1 Best: 10.000
Epoch: [1 - 1.80%][  -*- Top1 Best: 10.000
Epoch: [1 - 1.44%][  -*- Top1 Best: 10.000
--------------------
resnet50-simp0.1.log
Epoch: [1 - 100.00%] -*- Top1 Best: 80.960
Epoch: [1 - 80.00%][ -*- Top1 Best: 77.710
Epoch: [1 - 64.00%][ -*- Top1 Best: 77.470
Epoch: [1 - 51.20%][ -*- Top1 Best: 79.170
Epoch: [1 - 40.96%][ -*- Top1 Best: 82.500
Epoch: [1 - 32.77%][ -*- Top1 Best: 81.450
Epoch: [1 - 26.21%][ -*- Top1 Best: 80.960
Epoch: [1 - 20.97%][ -*- Top1 Best: 78.940
Epoch: [1 - 16.78%][ -*- Top1 Best: 81.070
Epoch: [1 - 13.42%][ -*- Top1 Best: 79.660
Epoch: [1 - 10.74%][ -*- Top1 Best: 81.610
Epoch: [1 - 8.59%][  -*- Top1 Best: 79.440
Epoch: [1 - 6.87%][  -*- Top1 Best: 82.510
Epoch: [1 - 5.50%][  -*- Top1 Best: 82.590
Epoch: [1 - 4.40%][  -*- Top1 Best: 81.890
Epoch: [1 - 3.52%][  -*- Top1 Best: 79.950
Epoch: [1 - 2.81%][  -*- Top1 Best: 78.500
Epoch: [1 - 2.25%][  -*- Top1 Best: 76.930
Epoch: [1 - 1.80%][  -*- Top1 Best: 74.600
Epoch: [1 - 1.44%][  -*- Top1 Best: 71.230